<?xml version="1.0" encoding="UTF-8"?>
<testng-results ignored="0" total="1" passed="0" failed="1" skipped="0">
  <reporter-output>
  </reporter-output>
  <suite started-at="2023-03-22T17:34:32 IST" name="Default suite" finished-at="2023-03-22T17:34:56 IST" duration-ms="24610">
    <groups>
      <group name="cucumber">
        <method signature="AbstractTestNGCucumberTests.runScenario(io.cucumber.testng.PickleWrapper,io.cucumber.testng.FeatureWrapper)[pri:0, instance:ZoomInfo.ChatBotTesting.TestRunner@53045c6c]" name="runScenario" class="io.cucumber.testng.AbstractTestNGCucumberTests"/>
      </group> <!-- cucumber -->
    </groups>
    <test started-at="2023-03-22T17:34:32 IST" name="Default test" finished-at="2023-03-22T17:34:56 IST" duration-ms="24610">
      <class name="ZoomInfo.ChatBotTesting.TestRunner">
        <test-method is-config="true" signature="setUpClass(org.testng.ITestContext)[pri:0, instance:ZoomInfo.ChatBotTesting.TestRunner@53045c6c]" started-at="2023-03-22T17:34:32 IST" name="setUpClass" finished-at="2023-03-22T17:34:33 IST" duration-ms="1111" status="PASS">
          <params>
            <param index="0">
              <value>
                <![CDATA[org.testng.TestRunner@21ba2445]]>
              </value>
            </param>
          </params>
          <reporter-output>
          </reporter-output>
        </test-method> <!-- setUpClass -->
        <test-method signature="runScenario(io.cucumber.testng.PickleWrapper,io.cucumber.testng.FeatureWrapper)[pri:0, instance:ZoomInfo.ChatBotTesting.TestRunner@53045c6c]" started-at="2023-03-22T17:34:33 IST" name="runScenario" description="Runs Cucumber Scenarios" data-provider="scenarios" finished-at="2023-03-22T17:34:56 IST" duration-ms="23174" status="FAIL">
          <params>
            <param index="0">
              <value>
                <![CDATA["User is able to provide all the details"]]>
              </value>
            </param>
            <param index="1">
              <value>
                <![CDATA["Chat bot intraction with user"]]>
              </value>
            </param>
          </params>
          <exception class="java.lang.AssertionError">
            <message>
              <![CDATA[expected [jnj] but found [Welcome to ZoomInfo Chat!]]]>
            </message>
            <full-stacktrace>
              <![CDATA[java.lang.AssertionError: expected [jnj] but found [Welcome to ZoomInfo Chat!]
at org.testng.Assert.fail(Assert.java:110)
at org.testng.Assert.failNotEquals(Assert.java:1577)
at org.testng.Assert.assertEqualsImpl(Assert.java:149)
at org.testng.Assert.assertEquals(Assert.java:131)
at org.testng.Assert.assertEquals(Assert.java:655)
at org.testng.Assert.assertEquals(Assert.java:665)
at ZoomInfo.ChatBotTesting.StepDefinitionChatBox.chat_bot_is_opened(StepDefinitionChatBox.java:25)
at âœ½.Chat bot is available(file:///C:/Users/Raj/Documents/AutomationProject/ZI/ChatBotTesting/src/test/java/ZoomInfo/ChatBotTesting/ChatBot.feature:11)
]]>
            </full-stacktrace>
          </exception> <!-- java.lang.AssertionError -->
          <reporter-output>
          </reporter-output>
        </test-method> <!-- runScenario -->
        <test-method is-config="true" signature="tearDownClass()[pri:0, instance:ZoomInfo.ChatBotTesting.TestRunner@53045c6c]" started-at="2023-03-22T17:34:56 IST" name="tearDownClass" finished-at="2023-03-22T17:34:56 IST" duration-ms="214" status="PASS">
          <reporter-output>
          </reporter-output>
        </test-method> <!-- tearDownClass -->
      </class> <!-- ZoomInfo.ChatBotTesting.TestRunner -->
    </test> <!-- Default test -->
  </suite> <!-- Default suite -->
</testng-results>
